<?xml version="1.0" encoding="UTF-8"?>
<!-- Generated by org.testng.reporters.JUnitReportReporter -->
<testsuite hostname="GopiKrishna" failures="0" tests="1" name="fileupload.FileAttach" time="37.166" errors="0" timestamp="2025-06-04T16:16:50 IST" skipped="0">
  <testcase classname="fileupload.FileAttach" name="uploadfile" time="37.166"/>
</testsuite> <!-- fileupload.FileAttach -->
