<?xml version="1.0" encoding="UTF-8"?>
<!-- Generated by org.testng.reporters.JUnitReportReporter -->
<testsuite hostname="GopiKrishna" failures="0" tests="1" name="log4j.Log4jFrameWork" time="9.520" errors="0" timestamp="2025-06-05T16:06:02 IST" skipped="0">
  <testcase classname="log4j.Log4jFrameWork" name="Login" time="9.520"/>
</testsuite> <!-- log4j.Log4jFrameWork -->
