<?xml version="1.0" encoding="UTF-8"?>
<!-- Generated by org.testng.reporters.JUnitReportReporter -->
<testsuite hostname="GopiKrishna" failures="0" tests="4" name="testng.Demo" time="11.810" errors="0" timestamp="2025-05-16T08:54:30 IST" skipped="0">
  <testcase classname="testng.Demo" name="gmail" time="5.551"/>
  <testcase classname="testng.Demo" name="google" time="1.177"/>
  <testcase classname="testng.Demo" name="facebook" time="1.774"/>
  <testcase classname="testng.Demo" name="swiggy" time="3.308"/>
</testsuite> <!-- testng.Demo -->
